1. YES
2. NO
3. YES
4. YES
5. YES
6. YES
7. YES
8. YES
9. YES
10. YES
11. YES
12. YES
13. YES
14. YES
15. NO
16. NO
17. NO
18. NO
19. NO
20. NO
21. NO
22. NO
23. NO
24. NO
25. NO
26. NO
27. NO
28. NO
29. NO
30. NO
31. YES
32. YES
33. YES
34. YES
35. YES
36. YES
37. YES
38. YES
39. YES
40. YES
41. YES
42. YES
43. YES
44. YES
45. YES
46. YES
47. YES
48. YES
49. YES
50. YES
51. NO
52. NO
53. NO
54. NO
55. NO
56. NO
57. NO
58. NO
59. NO
60. NO
61. NO
62. NO
63. NO
64. NO
65. NO
66. NO
67. NO
68. NO
69. NO
70. NO
